<?xml version="1.0" encoding="UTF-8"?>
<!-- Generated by org.testng.reporters.JUnitReportReporter -->
<testsuite hostname="DESKTOP-J47KP1R" failures="0" tests="1" name="com.orangehrm.app.testCases.LoginPageTC_001" time="6.105" errors="0" timestamp="25 Jun 2024 06:12:20 GMT" skipped="0">
  <testcase classname="com.orangehrm.app.testCases.LoginPageTC_001" name="loginValidation" time="6.105"/>
</testsuite> <!-- com.orangehrm.app.testCases.LoginPageTC_001 -->
