<?xml version="1.0" encoding="UTF-8"?>
<!-- Generated by org.testng.reporters.JUnitReportReporter -->
<testsuite hostname="DESKTOP-J47KP1R" failures="0" tests="1" name="Baseclass.LoginPage" time="0.033" errors="0" timestamp="22 Jun 2024 06:20:26 GMT" skipped="0">
  <testcase classname="Baseclass.LoginPage" name="loginValidation" time="0.033"/>
</testsuite> <!-- Baseclass.LoginPage -->
