<?xml version="1.0" encoding="UTF-8"?>
<!-- Generated by org.testng.reporters.JUnitReportReporter -->
<testsuite hostname="DESKTOP-J47KP1R" failures="0" tests="2" name="com.orangehrm.app.testCases.Myinfo" time="29.268" errors="0" timestamp="25 Jun 2024 06:35:53 GMT" skipped="0">
  <testcase classname="com.orangehrm.app.testCases.Myinfo" name="validatePersonalDetailsScreen" time="15.766"/>
  <testcase classname="com.orangehrm.app.testCases.Myinfo" name="validateEditPersonalDetails" time="13.502"/>
</testsuite> <!-- com.orangehrm.app.testCases.Myinfo -->
