<?xml version="1.0" encoding="UTF-8"?>
<!-- Generated by org.testng.reporters.JUnitReportReporter -->
<testsuite hostname="DESKTOP-J47KP1R" failures="0" tests="1" name="Baseclass.LoginPageTC_001" time="3.227" errors="0" timestamp="22 Jun 2024 06:33:15 GMT" skipped="0">
  <testcase classname="Baseclass.LoginPageTC_001" name="loginValidation" time="3.227"/>
</testsuite> <!-- Baseclass.LoginPageTC_001 -->
