<?xml version="1.0" encoding="UTF-8"?>
<!-- Generated by org.testng.reporters.JUnitReportReporter -->
<testsuite hostname="DESKTOP-H2ESU3T" failures="0" tests="1" name="com.orangehrm.app.testCases.LoginPageTC_001" time="2.208" errors="0" timestamp="24 Jun 2024 06:32:11 GMT" skipped="0">
  <testcase classname="com.orangehrm.app.testCases.LoginPageTC_001" name="loginValidation" time="2.208"/>
</testsuite> <!-- com.orangehrm.app.testCases.LoginPageTC_001 -->
