<?xml version="1.0" encoding="UTF-8"?>
<!-- Generated by org.testng.reporters.JUnitReportReporter -->
<testsuite hostname="DESKTOP-J47KP1R" failures="0" tests="2" name="com.orangehrm.app.testCases.MyinfoAddDepndencies" time="29.927" errors="0" timestamp="26 Jun 2024 06:33:42 GMT" skipped="0">
  <testcase classname="com.orangehrm.app.testCases.MyinfoAddDepndencies" name="validateAddDependencies" time="15.103"/>
  <testcase classname="com.orangehrm.app.testCases.MyinfoAddDepndencies" name="validateAddDependencies" time="14.824"/>
</testsuite> <!-- com.orangehrm.app.testCases.MyinfoAddDepndencies -->
